<?xml version="1.0" encoding="UTF-8"?>
<!-- Generated by org.testng.reporters.JUnitReportReporter -->
<testsuite skipped="0" hostname="HavishSrihan" name="com.ngalam.app.MainApp" tests="1" failures="0" timestamp="15 Oct 2018 02:36:12 GMT" time="46.447" errors="0">
  <testcase name="testAmazonSearch" time="46.447" classname="com.ngalam.app.MainApp"/>
</testsuite> <!-- com.ngalam.app.MainApp -->
