<?xml version="1.0" encoding="UTF-8"?>
<!-- Generated by org.testng.reporters.JUnitReportReporter -->
<testsuite skipped="0" hostname="HavishSrihan" name="com.ngalam.app.App" tests="1" failures="0" timestamp="15 Oct 2018 02:32:26 GMT" time="51.700" errors="0">
  <testcase name="testAmazonSearch" time="51.700" classname="com.ngalam.app.App"/>
</testsuite> <!-- com.ngalam.app.App -->
